10:51:56.220 INFO   - DlgSettingsCoords::~DlgSettingsCoords
10:51:56.220 INFO   - DlgSettingsAbstractBase::~DlgSettingsAbstractBase name=DlgSettingsCoords
10:51:56.223 INFO   - DlgSettingsCurveAddRemove::~DlgSettingsCurveAddRemove
10:51:56.223 INFO   - DlgSettingsAbstractBase::~DlgSettingsAbstractBase name=DlgSettingsCurveAddRemove
10:51:56.226 INFO   - DlgSettingsCurveProperties::~DlgSettingsCurveProperties
10:51:56.226 INFO   - DlgSettingsAbstractBase::~DlgSettingsAbstractBase name=DlgSettingsCurveProperties
10:51:56.231 INFO   - DlgSettingsDigitizeCurve::~DlgSettingsDigitizeCurve
10:51:56.231 INFO   - DlgSettingsAbstractBase::~DlgSettingsAbstractBase name=DlgSettingsDigitizeCurve
10:51:56.232 INFO   - DlgSettingsExportFormat::~DlgSettingsExportFormat
10:51:56.232 INFO   - DlgSettingsAbstractBase::~DlgSettingsAbstractBase name=DlgSettingsExportFormat
10:51:56.233 INFO   - DlgSettingsColorFilter::~DlgSettingsColorFilter
10:51:56.233 INFO   - DlgSettingsAbstractBase::~DlgSettingsAbstractBase name=DlgSettingsColorFilter
10:51:56.234 INFO   - DlgSettingsAxesChecker::~DlgSettingsAxesChecker
10:51:56.234 INFO   - DlgSettingsAbstractBase::~DlgSettingsAbstractBase name=DlgSettingsAxesChecker
10:51:56.236 INFO   - DlgSettingsGridDisplay::~DlgSettingsGridDisplay
10:51:56.236 INFO   - DlgSettingsAbstractBase::~DlgSettingsAbstractBase name=DlgSettingsGridDisplay
10:51:56.237 INFO   - DlgSettingsGridRemoval::~DlgSettingsGridRemoval
10:51:56.237 INFO   - DlgSettingsAbstractBase::~DlgSettingsAbstractBase name=DlgSettingsGridRemoval
10:51:56.239 INFO   - DlgSettingsPointMatch::~DlgSettingsPointMatch
10:51:56.239 INFO   - DlgSettingsAbstractBase::~DlgSettingsAbstractBase name=DlgSettingsPointMatch
10:51:56.240 INFO   - DlgSettingsSegments::~DlgSettingsSegments
10:51:56.240 INFO   - DlgSettingsAbstractBase::~DlgSettingsAbstractBase name=DlgSettingsSegments
10:51:56.241 INFO   - DlgSettingsGeneral::~DlgSettingsGeneral
10:51:56.241 INFO   - DlgSettingsAbstractBase::~DlgSettingsAbstractBase name=DlgSettingsGeneral
10:51:56.242 INFO   - DlgSettingsMainWindow::~DlgSettingsMainWindow
10:51:56.242 INFO   - DlgSettingsAbstractBase::~DlgSettingsAbstractBase name=DlgSettingsMainWindow
